[debug] [2021-07-01T19:36:58.443Z] ----------------------------------------------------------------------
[debug] [2021-07-01T19:36:58.445Z] Command:       C:\Program Files\nodejs\node.exe C:\Users\Rodrigo\AppData\Roaming\npm\node_modules\firebase-tools\lib\bin\firebase.js init
[debug] [2021-07-01T19:36:58.445Z] CLI Version:   9.14.0
[debug] [2021-07-01T19:36:58.446Z] Platform:      win32
[debug] [2021-07-01T19:36:58.446Z] Node Version:  v14.15.0
[debug] [2021-07-01T19:36:58.447Z] Time:          Thu Jul 01 2021 15:36:58 GMT-0400 (hora de Bolivia)
[debug] [2021-07-01T19:36:58.447Z] ----------------------------------------------------------------------
[debug] 
[debug] [2021-07-01T19:36:58.453Z] > command requires scopes: ["email","openid","https://www.googleapis.com/auth/cloudplatformprojects.readonly","https://www.googleapis.com/auth/firebase","https://www.googleapis.com/auth/cloud-platform"]
[debug] [2021-07-01T19:36:58.453Z] > authorizing via signed-in user (rodrijedbu@gmail.com)
[info] 
     ######## #### ########  ######## ########     ###     ######  ########
     ##        ##  ##     ## ##       ##     ##  ##   ##  ##       ##
     ######    ##  ########  ######   ########  #########  ######  ######
     ##        ##  ##    ##  ##       ##     ## ##     ##       ## ##
     ##       #### ##     ## ######## ########  ##     ##  ######  ########

You're about to initialize a Firebase project in this directory:

  C:\Users\Rodrigo\Documents\GitHub\primer-parcial-sw1

Before we get started, keep in mind:

  * You are initializing within an existing Firebase project directory

